{"/Users/lebiga/Desktop/ITMap/GameProject/game-frontend/src/store/index.ts": {"path":"/Users/lebiga/Desktop/ITMap/GameProject/game-frontend/src/store/index.ts","statementMap":{"0":{"start":{"line":2,"column":0},"end":{"line":2,"column":50}},"1":{"start":{"line":3,"column":0},"end":{"line":3,"column":77}},"2":{"start":{"line":5,"column":14},"end":{"line":9,"column":2}},"3":{"start":{"line":16,"column":30},"end":{"line":16,"column":62}},"4":{"start":{"line":16,"column":36},"end":{"line":16,"column":62}},"5":{"start":{"line":16,"column":13},"end":{"line":16,"column":30}},"6":{"start":{"line":19,"column":13},"end":{"line":19,"column":75}},"7":{"start":{"line":21,"column":0},"end":{"line":21,"column":21}}},"fnMap":{"0":{"name":"(anonymous_0)","decl":{"start":{"line":16,"column":30},"end":{"line":16,"column":33}},"loc":{"start":{"line":16,"column":36},"end":{"line":16,"column":62}}}},"branchMap":{},"s":{"0":0,"1":0,"2":0,"3":0,"4":0,"5":0,"6":0,"7":0},"f":{"0":0},"b":{}}
}
